ERROR - 2023-11-13 04:26:10 --> ErrorException: SQLite3::exec(): table `user_type` already exists in C:\Compilation\Autres\USGG\vendor\codeigniter4\framework\system\Database\SQLite3\Connection.php:130
Stack trace:
#0 [internal function]: CodeIgniter\Debug\Exceptions->errorHandler(2, 'SQLite3::exec()...', 'C:\\Compilation\\...', 130)
#1 C:\Compilation\Autres\USGG\vendor\codeigniter4\framework\system\Database\SQLite3\Connection.php(130): SQLite3->exec('CREATE TABLE `u...')
#2 C:\Compilation\Autres\USGG\vendor\codeigniter4\framework\system\Database\BaseConnection.php(666): CodeIgniter\Database\SQLite3\Connection->execute('CREATE TABLE `u...')
#3 C:\Compilation\Autres\USGG\vendor\codeigniter4\framework\system\Database\BaseConnection.php(593): CodeIgniter\Database\BaseConnection->simpleQuery('CREATE TABLE `u...')
#4 C:\Compilation\Autres\USGG\vendor\codeigniter4\framework\system\Database\Forge.php(509): CodeIgniter\Database\BaseConnection->query('CREATE TABLE `u...')
#5 C:\Compilation\Autres\USGG\app\Database\Migrations\2023-11-13-102110_AddUserType.php(31): CodeIgniter\Database\Forge->createTable('user_type')
#6 C:\Compilation\Autres\USGG\vendor\codeigniter4\framework\system\Database\MigrationRunner.php(868): App\Database\Migrations\AddUserType->up()
#7 C:\Compilation\Autres\USGG\vendor\codeigniter4\framework\system\Database\MigrationRunner.php(187): CodeIgniter\Database\MigrationRunner->migrate('up', Object(stdClass))
#8 C:\Compilation\Autres\USGG\vendor\codeigniter4\framework\system\Commands\Database\Migrate.php(84): CodeIgniter\Database\MigrationRunner->latest(NULL)
#9 C:\Compilation\Autres\USGG\vendor\codeigniter4\framework\system\CLI\Commands.php(63): CodeIgniter\Commands\Database\Migrate->run(Array)
#10 C:\Compilation\Autres\USGG\vendor\codeigniter4\framework\system\CLI\CommandRunner.php(65): CodeIgniter\CLI\Commands->run('migrate', Array)
#11 C:\Compilation\Autres\USGG\vendor\codeigniter4\framework\system\CLI\CommandRunner.php(51): CodeIgniter\CLI\CommandRunner->index(Array)
#12 C:\Compilation\Autres\USGG\vendor\codeigniter4\framework\system\CodeIgniter.php(920): CodeIgniter\CLI\CommandRunner->_remap('index', Array)
#13 C:\Compilation\Autres\USGG\vendor\codeigniter4\framework\system\CodeIgniter.php(482): CodeIgniter\CodeIgniter->runController(Object(CodeIgniter\CLI\CommandRunner))
#14 C:\Compilation\Autres\USGG\vendor\codeigniter4\framework\system\CodeIgniter.php(347): CodeIgniter\CodeIgniter->handleRequest(NULL, Object(Config\Cache), false)
#15 C:\Compilation\Autres\USGG\vendor\codeigniter4\framework\system\CLI\Console.php(48): CodeIgniter\CodeIgniter->run()
#16 C:\Compilation\Autres\USGG\spark(98): CodeIgniter\CLI\Console->run()
#17 {main}
ERROR - 2023-11-13 04:29:22 --> ErrorException: SQLite3::exec(): table `user_type` already exists in C:\Compilation\Autres\USGG\vendor\codeigniter4\framework\system\Database\SQLite3\Connection.php:130
Stack trace:
#0 [internal function]: CodeIgniter\Debug\Exceptions->errorHandler(2, 'SQLite3::exec()...', 'C:\\Compilation\\...', 130)
#1 C:\Compilation\Autres\USGG\vendor\codeigniter4\framework\system\Database\SQLite3\Connection.php(130): SQLite3->exec('CREATE TABLE `u...')
#2 C:\Compilation\Autres\USGG\vendor\codeigniter4\framework\system\Database\BaseConnection.php(666): CodeIgniter\Database\SQLite3\Connection->execute('CREATE TABLE `u...')
#3 C:\Compilation\Autres\USGG\vendor\codeigniter4\framework\system\Database\BaseConnection.php(593): CodeIgniter\Database\BaseConnection->simpleQuery('CREATE TABLE `u...')
#4 C:\Compilation\Autres\USGG\vendor\codeigniter4\framework\system\Database\Forge.php(509): CodeIgniter\Database\BaseConnection->query('CREATE TABLE `u...')
#5 C:\Compilation\Autres\USGG\app\Database\Migrations\2023-11-13-102110_AddUserType.php(31): CodeIgniter\Database\Forge->createTable('user_type')
#6 C:\Compilation\Autres\USGG\vendor\codeigniter4\framework\system\Database\MigrationRunner.php(868): App\Database\Migrations\AddUserType->up()
#7 C:\Compilation\Autres\USGG\vendor\codeigniter4\framework\system\Database\MigrationRunner.php(187): CodeIgniter\Database\MigrationRunner->migrate('up', Object(stdClass))
#8 C:\Compilation\Autres\USGG\vendor\codeigniter4\framework\system\Commands\Database\Migrate.php(84): CodeIgniter\Database\MigrationRunner->latest(NULL)
#9 C:\Compilation\Autres\USGG\vendor\codeigniter4\framework\system\CLI\Commands.php(63): CodeIgniter\Commands\Database\Migrate->run(Array)
#10 C:\Compilation\Autres\USGG\vendor\codeigniter4\framework\system\CLI\CommandRunner.php(65): CodeIgniter\CLI\Commands->run('migrate', Array)
#11 C:\Compilation\Autres\USGG\vendor\codeigniter4\framework\system\CLI\CommandRunner.php(51): CodeIgniter\CLI\CommandRunner->index(Array)
#12 C:\Compilation\Autres\USGG\vendor\codeigniter4\framework\system\CodeIgniter.php(920): CodeIgniter\CLI\CommandRunner->_remap('index', Array)
#13 C:\Compilation\Autres\USGG\vendor\codeigniter4\framework\system\CodeIgniter.php(482): CodeIgniter\CodeIgniter->runController(Object(CodeIgniter\CLI\CommandRunner))
#14 C:\Compilation\Autres\USGG\vendor\codeigniter4\framework\system\CodeIgniter.php(347): CodeIgniter\CodeIgniter->handleRequest(NULL, Object(Config\Cache), false)
#15 C:\Compilation\Autres\USGG\vendor\codeigniter4\framework\system\CLI\Console.php(48): CodeIgniter\CodeIgniter->run()
#16 C:\Compilation\Autres\USGG\spark(98): CodeIgniter\CLI\Console->run()
#17 {main}
ERROR - 2023-11-13 05:17:41 --> ErrorException: SQLite3::exec(): table `user_type` already exists in C:\Compilation\Autres\USGG\vendor\codeigniter4\framework\system\Database\SQLite3\Connection.php:130
Stack trace:
#0 [internal function]: CodeIgniter\Debug\Exceptions->errorHandler(2, 'SQLite3::exec()...', 'C:\\Compilation\\...', 130)
#1 C:\Compilation\Autres\USGG\vendor\codeigniter4\framework\system\Database\SQLite3\Connection.php(130): SQLite3->exec('CREATE TABLE `u...')
#2 C:\Compilation\Autres\USGG\vendor\codeigniter4\framework\system\Database\BaseConnection.php(666): CodeIgniter\Database\SQLite3\Connection->execute('CREATE TABLE `u...')
#3 C:\Compilation\Autres\USGG\vendor\codeigniter4\framework\system\Database\BaseConnection.php(593): CodeIgniter\Database\BaseConnection->simpleQuery('CREATE TABLE `u...')
#4 C:\Compilation\Autres\USGG\vendor\codeigniter4\framework\system\Database\Forge.php(509): CodeIgniter\Database\BaseConnection->query('CREATE TABLE `u...')
#5 C:\Compilation\Autres\USGG\app\Database\Migrations\2023-11-13-102110_AddUserType.php(31): CodeIgniter\Database\Forge->createTable('user_type')
#6 C:\Compilation\Autres\USGG\vendor\codeigniter4\framework\system\Database\MigrationRunner.php(868): App\Database\Migrations\AddUserType->up()
#7 C:\Compilation\Autres\USGG\vendor\codeigniter4\framework\system\Database\MigrationRunner.php(187): CodeIgniter\Database\MigrationRunner->migrate('up', Object(stdClass))
#8 C:\Compilation\Autres\USGG\vendor\codeigniter4\framework\system\Commands\Database\Migrate.php(84): CodeIgniter\Database\MigrationRunner->latest(NULL)
#9 C:\Compilation\Autres\USGG\vendor\codeigniter4\framework\system\CLI\Commands.php(63): CodeIgniter\Commands\Database\Migrate->run(Array)
#10 C:\Compilation\Autres\USGG\vendor\codeigniter4\framework\system\CLI\CommandRunner.php(65): CodeIgniter\CLI\Commands->run('migrate', Array)
#11 C:\Compilation\Autres\USGG\vendor\codeigniter4\framework\system\CLI\CommandRunner.php(51): CodeIgniter\CLI\CommandRunner->index(Array)
#12 C:\Compilation\Autres\USGG\vendor\codeigniter4\framework\system\CodeIgniter.php(920): CodeIgniter\CLI\CommandRunner->_remap('index', Array)
#13 C:\Compilation\Autres\USGG\vendor\codeigniter4\framework\system\CodeIgniter.php(482): CodeIgniter\CodeIgniter->runController(Object(CodeIgniter\CLI\CommandRunner))
#14 C:\Compilation\Autres\USGG\vendor\codeigniter4\framework\system\CodeIgniter.php(347): CodeIgniter\CodeIgniter->handleRequest(NULL, Object(Config\Cache), false)
#15 C:\Compilation\Autres\USGG\vendor\codeigniter4\framework\system\CLI\Console.php(48): CodeIgniter\CodeIgniter->run()
#16 C:\Compilation\Autres\USGG\spark(98): CodeIgniter\CLI\Console->run()
#17 {main}
ERROR - 2023-11-13 05:43:06 --> ErrorException: SQLite3::exec(): near "CONSTRAINT": syntax error in C:\Compilation\Autres\USGG\vendor\codeigniter4\framework\system\Database\SQLite3\Connection.php:130
Stack trace:
#0 [internal function]: CodeIgniter\Debug\Exceptions->errorHandler(2, 'SQLite3::exec()...', 'C:\\Compilation\\...', 130)
#1 C:\Compilation\Autres\USGG\vendor\codeigniter4\framework\system\Database\SQLite3\Connection.php(130): SQLite3->exec('ALTER TABLE `us...')
#2 C:\Compilation\Autres\USGG\vendor\codeigniter4\framework\system\Database\BaseConnection.php(666): CodeIgniter\Database\SQLite3\Connection->execute('ALTER TABLE `us...')
#3 C:\Compilation\Autres\USGG\vendor\codeigniter4\framework\system\Database\BaseConnection.php(593): CodeIgniter\Database\BaseConnection->simpleQuery('ALTER TABLE `us...')
#4 C:\Compilation\Autres\USGG\vendor\codeigniter4\framework\system\Database\Forge.php(708): CodeIgniter\Database\BaseConnection->query('ALTER TABLE `us...')
#5 C:\Compilation\Autres\USGG\app\Database\Migrations\2023-11-13-102906_AddUserTypeIdToUser.php(21): CodeIgniter\Database\Forge->addColumn('user', Array)
#6 C:\Compilation\Autres\USGG\vendor\codeigniter4\framework\system\Database\MigrationRunner.php(868): App\Database\Migrations\AddUserTypeIdToUser->up()
#7 C:\Compilation\Autres\USGG\vendor\codeigniter4\framework\system\Database\MigrationRunner.php(187): CodeIgniter\Database\MigrationRunner->migrate('up', Object(stdClass))
#8 C:\Compilation\Autres\USGG\vendor\codeigniter4\framework\system\Commands\Database\Migrate.php(84): CodeIgniter\Database\MigrationRunner->latest(NULL)
#9 C:\Compilation\Autres\USGG\vendor\codeigniter4\framework\system\CLI\Commands.php(63): CodeIgniter\Commands\Database\Migrate->run(Array)
#10 C:\Compilation\Autres\USGG\vendor\codeigniter4\framework\system\CLI\CommandRunner.php(65): CodeIgniter\CLI\Commands->run('migrate', Array)
#11 C:\Compilation\Autres\USGG\vendor\codeigniter4\framework\system\CLI\CommandRunner.php(51): CodeIgniter\CLI\CommandRunner->index(Array)
#12 C:\Compilation\Autres\USGG\vendor\codeigniter4\framework\system\CodeIgniter.php(920): CodeIgniter\CLI\CommandRunner->_remap('index', Array)
#13 C:\Compilation\Autres\USGG\vendor\codeigniter4\framework\system\CodeIgniter.php(482): CodeIgniter\CodeIgniter->runController(Object(CodeIgniter\CLI\CommandRunner))
#14 C:\Compilation\Autres\USGG\vendor\codeigniter4\framework\system\CodeIgniter.php(347): CodeIgniter\CodeIgniter->handleRequest(NULL, Object(Config\Cache), false)
#15 C:\Compilation\Autres\USGG\vendor\codeigniter4\framework\system\CLI\Console.php(48): CodeIgniter\CodeIgniter->run()
#16 C:\Compilation\Autres\USGG\spark(98): CodeIgniter\CLI\Console->run()
#17 {main}
ERROR - 2023-11-13 05:50:36 --> ErrorException: SQLite3::exec(): duplicate column name: user_type_id in C:\Compilation\Autres\USGG\vendor\codeigniter4\framework\system\Database\SQLite3\Connection.php:130
Stack trace:
#0 [internal function]: CodeIgniter\Debug\Exceptions->errorHandler(2, 'SQLite3::exec()...', 'C:\\Compilation\\...', 130)
#1 C:\Compilation\Autres\USGG\vendor\codeigniter4\framework\system\Database\SQLite3\Connection.php(130): SQLite3->exec('ALTER TABLE `us...')
#2 C:\Compilation\Autres\USGG\vendor\codeigniter4\framework\system\Database\BaseConnection.php(666): CodeIgniter\Database\SQLite3\Connection->execute('ALTER TABLE `us...')
#3 C:\Compilation\Autres\USGG\vendor\codeigniter4\framework\system\Database\BaseConnection.php(593): CodeIgniter\Database\BaseConnection->simpleQuery('ALTER TABLE `us...')
#4 C:\Compilation\Autres\USGG\vendor\codeigniter4\framework\system\Database\Forge.php(708): CodeIgniter\Database\BaseConnection->query('ALTER TABLE `us...')
#5 C:\Compilation\Autres\USGG\app\Database\Migrations\2023-11-13-102906_AddUserTypeIdToUser.php(21): CodeIgniter\Database\Forge->addColumn('user', Array)
#6 C:\Compilation\Autres\USGG\vendor\codeigniter4\framework\system\Database\MigrationRunner.php(868): App\Database\Migrations\AddUserTypeIdToUser->up()
#7 C:\Compilation\Autres\USGG\vendor\codeigniter4\framework\system\Database\MigrationRunner.php(187): CodeIgniter\Database\MigrationRunner->migrate('up', Object(stdClass))
#8 C:\Compilation\Autres\USGG\vendor\codeigniter4\framework\system\Commands\Database\Migrate.php(84): CodeIgniter\Database\MigrationRunner->latest(NULL)
#9 C:\Compilation\Autres\USGG\vendor\codeigniter4\framework\system\CLI\Commands.php(63): CodeIgniter\Commands\Database\Migrate->run(Array)
#10 C:\Compilation\Autres\USGG\vendor\codeigniter4\framework\system\CLI\CommandRunner.php(65): CodeIgniter\CLI\Commands->run('migrate', Array)
#11 C:\Compilation\Autres\USGG\vendor\codeigniter4\framework\system\CLI\CommandRunner.php(51): CodeIgniter\CLI\CommandRunner->index(Array)
#12 C:\Compilation\Autres\USGG\vendor\codeigniter4\framework\system\CodeIgniter.php(920): CodeIgniter\CLI\CommandRunner->_remap('index', Array)
#13 C:\Compilation\Autres\USGG\vendor\codeigniter4\framework\system\CodeIgniter.php(482): CodeIgniter\CodeIgniter->runController(Object(CodeIgniter\CLI\CommandRunner))
#14 C:\Compilation\Autres\USGG\vendor\codeigniter4\framework\system\CodeIgniter.php(347): CodeIgniter\CodeIgniter->handleRequest(NULL, Object(Config\Cache), false)
#15 C:\Compilation\Autres\USGG\vendor\codeigniter4\framework\system\CLI\Console.php(48): CodeIgniter\CodeIgniter->run()
#16 C:\Compilation\Autres\USGG\spark(98): CodeIgniter\CLI\Console->run()
#17 {main}
ERROR - 2023-11-13 05:58:39 --> ErrorException: SQLite3::exec(): near "CONSTRAINT": syntax error in C:\Compilation\Autres\USGG\vendor\codeigniter4\framework\system\Database\SQLite3\Connection.php:130
Stack trace:
#0 [internal function]: CodeIgniter\Debug\Exceptions->errorHandler(2, 'SQLite3::exec()...', 'C:\\Compilation\\...', 130)
#1 C:\Compilation\Autres\USGG\vendor\codeigniter4\framework\system\Database\SQLite3\Connection.php(130): SQLite3->exec('ALTER TABLE `us...')
#2 C:\Compilation\Autres\USGG\vendor\codeigniter4\framework\system\Database\BaseConnection.php(666): CodeIgniter\Database\SQLite3\Connection->execute('ALTER TABLE `us...')
#3 C:\Compilation\Autres\USGG\vendor\codeigniter4\framework\system\Database\BaseConnection.php(593): CodeIgniter\Database\BaseConnection->simpleQuery('ALTER TABLE `us...')
#4 C:\Compilation\Autres\USGG\vendor\codeigniter4\framework\system\Database\Forge.php(708): CodeIgniter\Database\BaseConnection->query('ALTER TABLE `us...')
#5 C:\Compilation\Autres\USGG\app\Database\Migrations\2023-11-13-102906_AddUserTypeIdToUser.php(29): CodeIgniter\Database\Forge->addColumn('user', Array)
#6 C:\Compilation\Autres\USGG\vendor\codeigniter4\framework\system\Database\MigrationRunner.php(868): App\Database\Migrations\AddUserTypeIdToUser->up()
#7 C:\Compilation\Autres\USGG\vendor\codeigniter4\framework\system\Database\MigrationRunner.php(187): CodeIgniter\Database\MigrationRunner->migrate('up', Object(stdClass))
#8 C:\Compilation\Autres\USGG\vendor\codeigniter4\framework\system\Commands\Database\Migrate.php(84): CodeIgniter\Database\MigrationRunner->latest(NULL)
#9 C:\Compilation\Autres\USGG\vendor\codeigniter4\framework\system\CLI\Commands.php(63): CodeIgniter\Commands\Database\Migrate->run(Array)
#10 C:\Compilation\Autres\USGG\vendor\codeigniter4\framework\system\CLI\CommandRunner.php(65): CodeIgniter\CLI\Commands->run('migrate', Array)
#11 C:\Compilation\Autres\USGG\vendor\codeigniter4\framework\system\CLI\CommandRunner.php(51): CodeIgniter\CLI\CommandRunner->index(Array)
#12 C:\Compilation\Autres\USGG\vendor\codeigniter4\framework\system\CodeIgniter.php(920): CodeIgniter\CLI\CommandRunner->_remap('index', Array)
#13 C:\Compilation\Autres\USGG\vendor\codeigniter4\framework\system\CodeIgniter.php(482): CodeIgniter\CodeIgniter->runController(Object(CodeIgniter\CLI\CommandRunner))
#14 C:\Compilation\Autres\USGG\vendor\codeigniter4\framework\system\CodeIgniter.php(347): CodeIgniter\CodeIgniter->handleRequest(NULL, Object(Config\Cache), false)
#15 C:\Compilation\Autres\USGG\vendor\codeigniter4\framework\system\CLI\Console.php(48): CodeIgniter\CodeIgniter->run()
#16 C:\Compilation\Autres\USGG\spark(98): CodeIgniter\CLI\Console->run()
#17 {main}
ERROR - 2023-11-13 06:28:41 --> ErrorException: SQLite3::exec(): NOT NULL constraint failed: user.user_type_id in C:\Compilation\Autres\USGG\vendor\codeigniter4\framework\system\Database\SQLite3\Connection.php:130
Stack trace:
#0 [internal function]: CodeIgniter\Debug\Exceptions->errorHandler(2, 'SQLite3::exec()...', 'C:\\Compilation\\...', 130)
#1 C:\Compilation\Autres\USGG\vendor\codeigniter4\framework\system\Database\SQLite3\Connection.php(130): SQLite3->exec('INSERT INTO `us...')
#2 C:\Compilation\Autres\USGG\vendor\codeigniter4\framework\system\Database\BaseConnection.php(666): CodeIgniter\Database\SQLite3\Connection->execute('INSERT INTO `us...')
#3 C:\Compilation\Autres\USGG\vendor\codeigniter4\framework\system\Database\BaseConnection.php(593): CodeIgniter\Database\BaseConnection->simpleQuery('INSERT INTO `us...')
#4 C:\Compilation\Autres\USGG\vendor\codeigniter4\framework\system\Database\BaseBuilder.php(1916): CodeIgniter\Database\BaseConnection->query('INSERT INTO `us...', Array, false)
#5 C:\Compilation\Autres\USGG\app\Database\Seeds\UserSeeder.php(60): CodeIgniter\Database\BaseBuilder->insert(Array)
#6 C:\Compilation\Autres\USGG\vendor\codeigniter4\framework\system\Database\Seeder.php(146): App\Database\Seeds\UserSeeder->run()
#7 C:\Compilation\Autres\USGG\vendor\codeigniter4\framework\system\Commands\Database\Seed.php(77): CodeIgniter\Database\Seeder->call('App\\Database\\Se...')
#8 C:\Compilation\Autres\USGG\vendor\codeigniter4\framework\system\CLI\Commands.php(63): CodeIgniter\Commands\Database\Seed->run(Array)
#9 C:\Compilation\Autres\USGG\vendor\codeigniter4\framework\system\CLI\CommandRunner.php(65): CodeIgniter\CLI\Commands->run('db:seed', Array)
#10 C:\Compilation\Autres\USGG\vendor\codeigniter4\framework\system\CLI\CommandRunner.php(51): CodeIgniter\CLI\CommandRunner->index(Array)
#11 C:\Compilation\Autres\USGG\vendor\codeigniter4\framework\system\CodeIgniter.php(920): CodeIgniter\CLI\CommandRunner->_remap('index', Array)
#12 C:\Compilation\Autres\USGG\vendor\codeigniter4\framework\system\CodeIgniter.php(482): CodeIgniter\CodeIgniter->runController(Object(CodeIgniter\CLI\CommandRunner))
#13 C:\Compilation\Autres\USGG\vendor\codeigniter4\framework\system\CodeIgniter.php(347): CodeIgniter\CodeIgniter->handleRequest(NULL, Object(Config\Cache), false)
#14 C:\Compilation\Autres\USGG\vendor\codeigniter4\framework\system\CLI\Console.php(48): CodeIgniter\CodeIgniter->run()
#15 C:\Compilation\Autres\USGG\spark(98): CodeIgniter\CLI\Console->run()
#16 {main}
CRITICAL - 2023-11-13 06:52:20 --> Undefined variable $user
in APPPATH\Views\welcome_message.php on line 18.
 1 APPPATH\Views\welcome_message.php(18): CodeIgniter\Debug\Exceptions->errorHandler(2, 'Undefined variable $user', 'APPPATH\\Views\\welcome_message.php', 18)
 2 SYSTEMPATH\View\View.php(213): include('APPPATH\\Views\\welcome_message.php')
 3 SYSTEMPATH\View\View.php(216): CodeIgniter\View\View->CodeIgniter\View\{closure}()
 4 SYSTEMPATH\Common.php(1134): CodeIgniter\View\View->render('welcome_message', [], true)
 5 APPPATH\Controllers\HomeController.php(22): view('welcome_message', [...])
 6 SYSTEMPATH\CodeIgniter.php(927): App\Controllers\HomeController->index()
 7 SYSTEMPATH\CodeIgniter.php(482): CodeIgniter\CodeIgniter->runController(Object(App\Controllers\HomeController))
 8 SYSTEMPATH\CodeIgniter.php(351): CodeIgniter\CodeIgniter->handleRequest(null, Object(Config\Cache), false)
 9 FCPATH\index.php(75): CodeIgniter\CodeIgniter->run()
10 SYSTEMPATH\Commands\Server\rewrite.php(46): require_once('FCPATH\\index.php')
CRITICAL - 2023-11-13 06:52:23 --> Undefined variable $user
in APPPATH\Views\welcome_message.php on line 18.
 1 APPPATH\Views\welcome_message.php(18): CodeIgniter\Debug\Exceptions->errorHandler(2, 'Undefined variable $user', 'APPPATH\\Views\\welcome_message.php', 18)
 2 SYSTEMPATH\View\View.php(213): include('APPPATH\\Views\\welcome_message.php')
 3 SYSTEMPATH\View\View.php(216): CodeIgniter\View\View->CodeIgniter\View\{closure}()
 4 SYSTEMPATH\Common.php(1134): CodeIgniter\View\View->render('welcome_message', [], true)
 5 APPPATH\Controllers\HomeController.php(22): view('welcome_message', [...])
 6 SYSTEMPATH\CodeIgniter.php(927): App\Controllers\HomeController->index()
 7 SYSTEMPATH\CodeIgniter.php(482): CodeIgniter\CodeIgniter->runController(Object(App\Controllers\HomeController))
 8 SYSTEMPATH\CodeIgniter.php(351): CodeIgniter\CodeIgniter->handleRequest(null, Object(Config\Cache), false)
 9 FCPATH\index.php(75): CodeIgniter\CodeIgniter->run()
10 SYSTEMPATH\Commands\Server\rewrite.php(46): require_once('FCPATH\\index.php')
CRITICAL - 2023-11-13 06:58:04 --> Cannot use object of type stdClass as array
in APPPATH\Views\welcome_message.php on line 18.
 1 SYSTEMPATH\View\View.php(213): include()
 2 SYSTEMPATH\View\View.php(216): CodeIgniter\View\View->CodeIgniter\View\{closure}()
 3 SYSTEMPATH\Common.php(1134): CodeIgniter\View\View->render('welcome_message', [], true)
 4 APPPATH\Controllers\HomeController.php(22): view('welcome_message', [...])
 5 SYSTEMPATH\CodeIgniter.php(927): App\Controllers\HomeController->index()
 6 SYSTEMPATH\CodeIgniter.php(482): CodeIgniter\CodeIgniter->runController(Object(App\Controllers\HomeController))
 7 SYSTEMPATH\CodeIgniter.php(351): CodeIgniter\CodeIgniter->handleRequest(null, Object(Config\Cache), false)
 8 FCPATH\index.php(75): CodeIgniter\CodeIgniter->run()
 9 SYSTEMPATH\Commands\Server\rewrite.php(46): require_once('FCPATH\\index.php')
CRITICAL - 2023-11-13 07:05:12 --> Attempt to read property "name" on array
in APPPATH\Repositories\UserRepository.php on line 42.
 1 APPPATH\Repositories\UserRepository.php(42): CodeIgniter\Debug\Exceptions->errorHandler(2, 'Attempt to read property "name" on array', 'APPPATH\\Repositories\\UserRepository.php', 42)
 2 APPPATH\Controllers\HomeController.php(20): App\Repositories\UserRepository->getAll()
 3 SYSTEMPATH\CodeIgniter.php(927): App\Controllers\HomeController->index()
 4 SYSTEMPATH\CodeIgniter.php(482): CodeIgniter\CodeIgniter->runController(Object(App\Controllers\HomeController))
 5 SYSTEMPATH\CodeIgniter.php(351): CodeIgniter\CodeIgniter->handleRequest(null, Object(Config\Cache), false)
 6 FCPATH\index.php(75): CodeIgniter\CodeIgniter->run()
 7 SYSTEMPATH\Commands\Server\rewrite.php(46): require_once('FCPATH\\index.php')
CRITICAL - 2023-11-13 07:07:12 --> syntax error, unexpected end of file
in APPPATH\Views\welcome_message.php on line 279.
 1 SYSTEMPATH\View\View.php(216): CodeIgniter\View\View->CodeIgniter\View\{closure}()
 2 SYSTEMPATH\Common.php(1134): CodeIgniter\View\View->render('welcome_message', [], true)
 3 APPPATH\Controllers\HomeController.php(22): view('welcome_message', [...])
 4 SYSTEMPATH\CodeIgniter.php(927): App\Controllers\HomeController->index()
 5 SYSTEMPATH\CodeIgniter.php(482): CodeIgniter\CodeIgniter->runController(Object(App\Controllers\HomeController))
 6 SYSTEMPATH\CodeIgniter.php(351): CodeIgniter\CodeIgniter->handleRequest(null, Object(Config\Cache), false)
 7 FCPATH\index.php(75): CodeIgniter\CodeIgniter->run()
 8 SYSTEMPATH\Commands\Server\rewrite.php(46): require_once('FCPATH\\index.php')
CRITICAL - 2023-11-13 07:12:03 --> syntax error, unexpected end of file
in APPPATH\Views\welcome_message.php on line 279.
 1 SYSTEMPATH\View\View.php(216): CodeIgniter\View\View->CodeIgniter\View\{closure}()
 2 SYSTEMPATH\Common.php(1134): CodeIgniter\View\View->render('welcome_message', [], true)
 3 APPPATH\Controllers\HomeController.php(22): view('welcome_message', [...])
 4 SYSTEMPATH\CodeIgniter.php(927): App\Controllers\HomeController->index()
 5 SYSTEMPATH\CodeIgniter.php(482): CodeIgniter\CodeIgniter->runController(Object(App\Controllers\HomeController))
 6 SYSTEMPATH\CodeIgniter.php(351): CodeIgniter\CodeIgniter->handleRequest(null, Object(Config\Cache), false)
 7 FCPATH\index.php(75): CodeIgniter\CodeIgniter->run()
 8 SYSTEMPATH\Commands\Server\rewrite.php(46): require_once('FCPATH\\index.php')
CRITICAL - 2023-11-13 07:13:33 --> syntax error, unexpected end of file
in APPPATH\Views\welcome_message.php on line 281.
 1 SYSTEMPATH\View\View.php(216): CodeIgniter\View\View->CodeIgniter\View\{closure}()
 2 SYSTEMPATH\Common.php(1134): CodeIgniter\View\View->render('welcome_message', [], true)
 3 APPPATH\Controllers\HomeController.php(22): view('welcome_message', [...])
 4 SYSTEMPATH\CodeIgniter.php(927): App\Controllers\HomeController->index()
 5 SYSTEMPATH\CodeIgniter.php(482): CodeIgniter\CodeIgniter->runController(Object(App\Controllers\HomeController))
 6 SYSTEMPATH\CodeIgniter.php(351): CodeIgniter\CodeIgniter->handleRequest(null, Object(Config\Cache), false)
 7 FCPATH\index.php(75): CodeIgniter\CodeIgniter->run()
 8 SYSTEMPATH\Commands\Server\rewrite.php(46): require_once('FCPATH\\index.php')
CRITICAL - 2023-11-13 07:13:58 --> Undefined property: stdClass::$user_type
in APPPATH\Views\welcome_message.php on line 148.
 1 APPPATH\Views\welcome_message.php(148): CodeIgniter\Debug\Exceptions->errorHandler(2, 'Undefined property: stdClass::$user_type', 'APPPATH\\Views\\welcome_message.php', 148)
 2 SYSTEMPATH\View\View.php(213): include('APPPATH\\Views\\welcome_message.php')
 3 SYSTEMPATH\View\View.php(216): CodeIgniter\View\View->CodeIgniter\View\{closure}()
 4 SYSTEMPATH\Common.php(1134): CodeIgniter\View\View->render('welcome_message', [], true)
 5 APPPATH\Controllers\HomeController.php(22): view('welcome_message', [...])
 6 SYSTEMPATH\CodeIgniter.php(927): App\Controllers\HomeController->index()
 7 SYSTEMPATH\CodeIgniter.php(482): CodeIgniter\CodeIgniter->runController(Object(App\Controllers\HomeController))
 8 SYSTEMPATH\CodeIgniter.php(351): CodeIgniter\CodeIgniter->handleRequest(null, Object(Config\Cache), false)
 9 FCPATH\index.php(75): CodeIgniter\CodeIgniter->run()
10 SYSTEMPATH\Commands\Server\rewrite.php(46): require_once('FCPATH\\index.php')
CRITICAL - 2023-11-13 07:20:08 --> file_get_contents(C:\Compilation\Autres\USGG\writable\uploads\person1.png): Failed to open stream: No such file or directory
in APPPATH\Views\welcome_message.php on line 146.
 1 [internal function]: CodeIgniter\Debug\Exceptions->errorHandler(2, 'file_get_contents(C:\\Compilation\\Autres\\USGG\\writable\\uploads\\person1.png): Failed to open stream: No such file or directory', 'APPPATH\\Views\\welcome_message.php', 146)
 2 APPPATH\Views\welcome_message.php(146): file_get_contents('ROOTPATH\\writable\\uploads\\person1.png')
 3 SYSTEMPATH\View\View.php(213): include('APPPATH\\Views\\welcome_message.php')
 4 SYSTEMPATH\View\View.php(216): CodeIgniter\View\View->CodeIgniter\View\{closure}()
 5 SYSTEMPATH\Common.php(1134): CodeIgniter\View\View->render('welcome_message', [], true)
 6 APPPATH\Controllers\HomeController.php(22): view('welcome_message', [...])
 7 SYSTEMPATH\CodeIgniter.php(927): App\Controllers\HomeController->index()
 8 SYSTEMPATH\CodeIgniter.php(482): CodeIgniter\CodeIgniter->runController(Object(App\Controllers\HomeController))
 9 SYSTEMPATH\CodeIgniter.php(351): CodeIgniter\CodeIgniter->handleRequest(null, Object(Config\Cache), false)
10 FCPATH\index.php(75): CodeIgniter\CodeIgniter->run()
11 SYSTEMPATH\Commands\Server\rewrite.php(46): require_once('FCPATH\\index.php')
CRITICAL - 2023-11-13 07:21:33 --> file_get_contents(C:\Compilation\Autres\USGG\writable\uploads\person1.png): Failed to open stream: No such file or directory
in APPPATH\Controllers\HomeController.php on line 23.
 1 [internal function]: CodeIgniter\Debug\Exceptions->errorHandler(2, 'file_get_contents(C:\\Compilation\\Autres\\USGG\\writable\\uploads\\person1.png): Failed to open stream: No such file or directory', 'APPPATH\\Controllers\\HomeController.php', 23)
 2 APPPATH\Controllers\HomeController.php(23): file_get_contents('ROOTPATH\\writable\\uploads\\person1.png')
 3 SYSTEMPATH\CodeIgniter.php(927): App\Controllers\HomeController->index()
 4 SYSTEMPATH\CodeIgniter.php(482): CodeIgniter\CodeIgniter->runController(Object(App\Controllers\HomeController))
 5 SYSTEMPATH\CodeIgniter.php(351): CodeIgniter\CodeIgniter->handleRequest(null, Object(Config\Cache), false)
 6 FCPATH\index.php(75): CodeIgniter\CodeIgniter->run()
 7 SYSTEMPATH\Commands\Server\rewrite.php(46): require_once('FCPATH\\index.php')
CRITICAL - 2023-11-13 07:22:07 --> file_get_contents(): Passing null to parameter #1 ($filename) of type string is deprecated
in APPPATH\Controllers\HomeController.php on line 23.
 1 [internal function]: CodeIgniter\Debug\Exceptions->errorHandler(8192, 'file_get_contents(): Passing null to parameter #1 ($filename) of type string is deprecated', 'APPPATH\\Controllers\\HomeController.php', 23)
 2 APPPATH\Controllers\HomeController.php(23): file_get_contents(null)
 3 SYSTEMPATH\CodeIgniter.php(927): App\Controllers\HomeController->index()
 4 SYSTEMPATH\CodeIgniter.php(482): CodeIgniter\CodeIgniter->runController(Object(App\Controllers\HomeController))
 5 SYSTEMPATH\CodeIgniter.php(351): CodeIgniter\CodeIgniter->handleRequest(null, Object(Config\Cache), false)
 6 FCPATH\index.php(75): CodeIgniter\CodeIgniter->run()
 7 SYSTEMPATH\Commands\Server\rewrite.php(46): require_once('FCPATH\\index.php')
CRITICAL - 2023-11-13 07:31:48 --> file_get_contents(http://localhost:8080/img/uploads/C:%5CCompilation%5CAutres%5CUSGG%5Cwritable%5Cuploads%5Cperson1.jpg): Failed to open stream: HTTP request failed!
in APPPATH\Controllers\HomeController.php on line 24.
 1 [internal function]: CodeIgniter\Debug\Exceptions->errorHandler(2, 'file_get_contents(http://localhost:8080/img/uploads/C:%5CCompilation%5CAutres%5CUSGG%5Cwritable%5Cuploads%5Cperson1.jpg): Failed to open stream: HTTP request failed!', 'APPPATH\\Controllers\\HomeController.php', 24)
 2 APPPATH\Controllers\HomeController.php(24): file_get_contents('http://localhost:8080/img/uploads/C:%5CCompilation%5CAutres%5CUSGG%5Cwritable%5Cuploads%5Cperson1.jpg')
 3 SYSTEMPATH\CodeIgniter.php(927): App\Controllers\HomeController->index()
 4 SYSTEMPATH\CodeIgniter.php(482): CodeIgniter\CodeIgniter->runController(Object(App\Controllers\HomeController))
 5 SYSTEMPATH\CodeIgniter.php(351): CodeIgniter\CodeIgniter->handleRequest(null, Object(Config\Cache), false)
 6 FCPATH\index.php(75): CodeIgniter\CodeIgniter->run()
 7 SYSTEMPATH\Commands\Server\rewrite.php(46): require_once('FCPATH\\index.php')
CRITICAL - 2023-11-13 07:35:04 --> file_get_contents(http://localhost:8080/img/uploads/C:%5CCompilation%5CAutres%5CUSGG%5Cwritable%5Cuploads%5Cperson1.jpg): Failed to open stream: HTTP request failed!
in APPPATH\Controllers\HomeController.php on line 24.
 1 [internal function]: CodeIgniter\Debug\Exceptions->errorHandler(2, 'file_get_contents(http://localhost:8080/img/uploads/C:%5CCompilation%5CAutres%5CUSGG%5Cwritable%5Cuploads%5Cperson1.jpg): Failed to open stream: HTTP request failed!', 'APPPATH\\Controllers\\HomeController.php', 24)
 2 APPPATH\Controllers\HomeController.php(24): file_get_contents('http://localhost:8080/img/uploads/C:%5CCompilation%5CAutres%5CUSGG%5Cwritable%5Cuploads%5Cperson1.jpg')
 3 SYSTEMPATH\CodeIgniter.php(927): App\Controllers\HomeController->index()
 4 SYSTEMPATH\CodeIgniter.php(482): CodeIgniter\CodeIgniter->runController(Object(App\Controllers\HomeController))
 5 SYSTEMPATH\CodeIgniter.php(351): CodeIgniter\CodeIgniter->handleRequest(null, Object(Config\Cache), false)
 6 FCPATH\index.php(75): CodeIgniter\CodeIgniter->run()
 7 SYSTEMPATH\Commands\Server\rewrite.php(46): require_once('FCPATH\\index.php')
ERROR - 2023-11-13 08:02:47 --> ErrorException: SQLite3::exec(): table `user` already exists in C:\Compilation\Autres\USGG\vendor\codeigniter4\framework\system\Database\SQLite3\Connection.php:130
Stack trace:
#0 [internal function]: CodeIgniter\Debug\Exceptions->errorHandler(2, 'SQLite3::exec()...', 'C:\\Compilation\\...', 130)
#1 C:\Compilation\Autres\USGG\vendor\codeigniter4\framework\system\Database\SQLite3\Connection.php(130): SQLite3->exec('CREATE TABLE `u...')
#2 C:\Compilation\Autres\USGG\vendor\codeigniter4\framework\system\Database\BaseConnection.php(666): CodeIgniter\Database\SQLite3\Connection->execute('CREATE TABLE `u...')
#3 C:\Compilation\Autres\USGG\vendor\codeigniter4\framework\system\Database\BaseConnection.php(593): CodeIgniter\Database\BaseConnection->simpleQuery('CREATE TABLE `u...')
#4 C:\Compilation\Autres\USGG\vendor\codeigniter4\framework\system\Database\Forge.php(509): CodeIgniter\Database\BaseConnection->query('CREATE TABLE `u...')
#5 C:\Compilation\Autres\USGG\app\Database\Migrations\2023-11-13-135244_AddNews.php(57): CodeIgniter\Database\Forge->createTable('user')
#6 C:\Compilation\Autres\USGG\vendor\codeigniter4\framework\system\Database\MigrationRunner.php(868): App\Database\Migrations\AddNews->up()
#7 C:\Compilation\Autres\USGG\vendor\codeigniter4\framework\system\Database\MigrationRunner.php(187): CodeIgniter\Database\MigrationRunner->migrate('up', Object(stdClass))
#8 C:\Compilation\Autres\USGG\vendor\codeigniter4\framework\system\Commands\Database\Migrate.php(84): CodeIgniter\Database\MigrationRunner->latest(NULL)
#9 C:\Compilation\Autres\USGG\vendor\codeigniter4\framework\system\CLI\Commands.php(63): CodeIgniter\Commands\Database\Migrate->run(Array)
#10 C:\Compilation\Autres\USGG\vendor\codeigniter4\framework\system\CLI\CommandRunner.php(65): CodeIgniter\CLI\Commands->run('migrate', Array)
#11 C:\Compilation\Autres\USGG\vendor\codeigniter4\framework\system\CLI\CommandRunner.php(51): CodeIgniter\CLI\CommandRunner->index(Array)
#12 C:\Compilation\Autres\USGG\vendor\codeigniter4\framework\system\CodeIgniter.php(920): CodeIgniter\CLI\CommandRunner->_remap('index', Array)
#13 C:\Compilation\Autres\USGG\vendor\codeigniter4\framework\system\CodeIgniter.php(482): CodeIgniter\CodeIgniter->runController(Object(CodeIgniter\CLI\CommandRunner))
#14 C:\Compilation\Autres\USGG\vendor\codeigniter4\framework\system\CodeIgniter.php(347): CodeIgniter\CodeIgniter->handleRequest(NULL, Object(Config\Cache), false)
#15 C:\Compilation\Autres\USGG\vendor\codeigniter4\framework\system\CLI\Console.php(48): CodeIgniter\CodeIgniter->run()
#16 C:\Compilation\Autres\USGG\spark(98): CodeIgniter\CLI\Console->run()
#17 {main}
ERROR - 2023-11-13 08:05:24 --> ErrorException: SQLite3::exec(): table `user` already exists in C:\Compilation\Autres\USGG\vendor\codeigniter4\framework\system\Database\SQLite3\Connection.php:130
Stack trace:
#0 [internal function]: CodeIgniter\Debug\Exceptions->errorHandler(2, 'SQLite3::exec()...', 'C:\\Compilation\\...', 130)
#1 C:\Compilation\Autres\USGG\vendor\codeigniter4\framework\system\Database\SQLite3\Connection.php(130): SQLite3->exec('CREATE TABLE `u...')
#2 C:\Compilation\Autres\USGG\vendor\codeigniter4\framework\system\Database\BaseConnection.php(666): CodeIgniter\Database\SQLite3\Connection->execute('CREATE TABLE `u...')
#3 C:\Compilation\Autres\USGG\vendor\codeigniter4\framework\system\Database\BaseConnection.php(593): CodeIgniter\Database\BaseConnection->simpleQuery('CREATE TABLE `u...')
#4 C:\Compilation\Autres\USGG\vendor\codeigniter4\framework\system\Database\Forge.php(509): CodeIgniter\Database\BaseConnection->query('CREATE TABLE `u...')
#5 C:\Compilation\Autres\USGG\app\Database\Migrations\2023-11-13-135244_AddNews.php(57): CodeIgniter\Database\Forge->createTable('user')
#6 C:\Compilation\Autres\USGG\vendor\codeigniter4\framework\system\Database\MigrationRunner.php(868): App\Database\Migrations\AddNews->up()
#7 C:\Compilation\Autres\USGG\vendor\codeigniter4\framework\system\Database\MigrationRunner.php(187): CodeIgniter\Database\MigrationRunner->migrate('up', Object(stdClass))
#8 C:\Compilation\Autres\USGG\vendor\codeigniter4\framework\system\Commands\Database\Migrate.php(84): CodeIgniter\Database\MigrationRunner->latest(NULL)
#9 C:\Compilation\Autres\USGG\vendor\codeigniter4\framework\system\CLI\Commands.php(63): CodeIgniter\Commands\Database\Migrate->run(Array)
#10 C:\Compilation\Autres\USGG\vendor\codeigniter4\framework\system\CLI\CommandRunner.php(65): CodeIgniter\CLI\Commands->run('migrate', Array)
#11 C:\Compilation\Autres\USGG\vendor\codeigniter4\framework\system\CLI\CommandRunner.php(51): CodeIgniter\CLI\CommandRunner->index(Array)
#12 C:\Compilation\Autres\USGG\vendor\codeigniter4\framework\system\CodeIgniter.php(920): CodeIgniter\CLI\CommandRunner->_remap('index', Array)
#13 C:\Compilation\Autres\USGG\vendor\codeigniter4\framework\system\CodeIgniter.php(482): CodeIgniter\CodeIgniter->runController(Object(CodeIgniter\CLI\CommandRunner))
#14 C:\Compilation\Autres\USGG\vendor\codeigniter4\framework\system\CodeIgniter.php(347): CodeIgniter\CodeIgniter->handleRequest(NULL, Object(Config\Cache), false)
#15 C:\Compilation\Autres\USGG\vendor\codeigniter4\framework\system\CLI\Console.php(48): CodeIgniter\CodeIgniter->run()
#16 C:\Compilation\Autres\USGG\spark(98): CodeIgniter\CLI\Console->run()
#17 {main}
ERROR - 2023-11-13 08:05:47 --> ErrorException: SQLite3::exec(): table `user` already exists in C:\Compilation\Autres\USGG\vendor\codeigniter4\framework\system\Database\SQLite3\Connection.php:130
Stack trace:
#0 [internal function]: CodeIgniter\Debug\Exceptions->errorHandler(2, 'SQLite3::exec()...', 'C:\\Compilation\\...', 130)
#1 C:\Compilation\Autres\USGG\vendor\codeigniter4\framework\system\Database\SQLite3\Connection.php(130): SQLite3->exec('CREATE TABLE `u...')
#2 C:\Compilation\Autres\USGG\vendor\codeigniter4\framework\system\Database\BaseConnection.php(666): CodeIgniter\Database\SQLite3\Connection->execute('CREATE TABLE `u...')
#3 C:\Compilation\Autres\USGG\vendor\codeigniter4\framework\system\Database\BaseConnection.php(593): CodeIgniter\Database\BaseConnection->simpleQuery('CREATE TABLE `u...')
#4 C:\Compilation\Autres\USGG\vendor\codeigniter4\framework\system\Database\Forge.php(509): CodeIgniter\Database\BaseConnection->query('CREATE TABLE `u...')
#5 C:\Compilation\Autres\USGG\app\Database\Migrations\2023-11-13-135244_AddNews.php(57): CodeIgniter\Database\Forge->createTable('user')
#6 C:\Compilation\Autres\USGG\vendor\codeigniter4\framework\system\Database\MigrationRunner.php(868): App\Database\Migrations\AddNews->up()
#7 C:\Compilation\Autres\USGG\vendor\codeigniter4\framework\system\Database\MigrationRunner.php(187): CodeIgniter\Database\MigrationRunner->migrate('up', Object(stdClass))
#8 C:\Compilation\Autres\USGG\vendor\codeigniter4\framework\system\Commands\Database\Migrate.php(84): CodeIgniter\Database\MigrationRunner->latest(NULL)
#9 C:\Compilation\Autres\USGG\vendor\codeigniter4\framework\system\CLI\Commands.php(63): CodeIgniter\Commands\Database\Migrate->run(Array)
#10 C:\Compilation\Autres\USGG\vendor\codeigniter4\framework\system\CLI\CommandRunner.php(65): CodeIgniter\CLI\Commands->run('migrate', Array)
#11 C:\Compilation\Autres\USGG\vendor\codeigniter4\framework\system\CLI\CommandRunner.php(51): CodeIgniter\CLI\CommandRunner->index(Array)
#12 C:\Compilation\Autres\USGG\vendor\codeigniter4\framework\system\CodeIgniter.php(920): CodeIgniter\CLI\CommandRunner->_remap('index', Array)
#13 C:\Compilation\Autres\USGG\vendor\codeigniter4\framework\system\CodeIgniter.php(482): CodeIgniter\CodeIgniter->runController(Object(CodeIgniter\CLI\CommandRunner))
#14 C:\Compilation\Autres\USGG\vendor\codeigniter4\framework\system\CodeIgniter.php(347): CodeIgniter\CodeIgniter->handleRequest(NULL, Object(Config\Cache), false)
#15 C:\Compilation\Autres\USGG\vendor\codeigniter4\framework\system\CLI\Console.php(48): CodeIgniter\CodeIgniter->run()
#16 C:\Compilation\Autres\USGG\spark(98): CodeIgniter\CLI\Console->run()
#17 {main}
CRITICAL - 2023-11-13 09:23:06 --> Cannot declare class App\Database\Seeds\CategorySeed, because the name is already in use
in APPPATH\Database\Seeds\CategorySeeder.php on line 8.
 1 [internal function]: CodeIgniter\Debug\Exceptions->shutdownHandler()
CRITICAL - 2023-11-13 11:12:09 --> Attempt to read property "name" on array
in APPPATH\Repositories\NewsRepository.php on line 46.
 1 APPPATH\Repositories\NewsRepository.php(46): CodeIgniter\Debug\Exceptions->errorHandler(2, 'Attempt to read property "name" on array', 'APPPATH\\Repositories\\NewsRepository.php', 46)
 2 APPPATH\Controllers\HomeController.php(24): App\Repositories\NewsRepository->GetLast3News(1, 'App\\DTO\\Response\\User\\NewsListResponseDTO')
 3 SYSTEMPATH\CodeIgniter.php(927): App\Controllers\HomeController->index()
 4 SYSTEMPATH\CodeIgniter.php(482): CodeIgniter\CodeIgniter->runController(Object(App\Controllers\HomeController))
 5 SYSTEMPATH\CodeIgniter.php(351): CodeIgniter\CodeIgniter->handleRequest(null, Object(Config\Cache), false)
 6 FCPATH\index.php(75): CodeIgniter\CodeIgniter->run()
 7 SYSTEMPATH\Commands\Server\rewrite.php(46): require_once('FCPATH\\index.php')
CRITICAL - 2023-11-13 11:13:44 --> Class "App\DTO\Response\User\NewsListResponseDTO" not found
in APPPATH\Libraries\CodeIgniterExtension\Database\SQLite3\CustomResult.php on line 38.
 1 SYSTEMPATH\Database\BaseResult.php(149): App\Libraries\CodeigniterExtension\Database\SQLite3\CustomResult->fetchObject('App\\DTO\\Response\\User\\NewsListResponseDTO')
 2 APPPATH\Repositories\BaseRepository.php(120): CodeIgniter\Database\BaseResult->getCustomResultObject('App\\DTO\\Response\\User\\NewsListResponseDTO')
 3 APPPATH\Repositories\NewsRepository.php(42): App\Repositories\BaseRepository->getResultAs(Object(App\Libraries\CodeigniterExtension\Database\SQLite3\CustomResult), 3, 'App\\DTO\\Response\\User\\NewsListResponseDTO')
 4 APPPATH\Controllers\HomeController.php(24): App\Repositories\NewsRepository->GetLast3News(3, 'App\\DTO\\Response\\User\\NewsListResponseDTO')
 5 SYSTEMPATH\CodeIgniter.php(927): App\Controllers\HomeController->index()
 6 SYSTEMPATH\CodeIgniter.php(482): CodeIgniter\CodeIgniter->runController(Object(App\Controllers\HomeController))
 7 SYSTEMPATH\CodeIgniter.php(351): CodeIgniter\CodeIgniter->handleRequest(null, Object(Config\Cache), false)
 8 FCPATH\index.php(75): CodeIgniter\CodeIgniter->run()
 9 SYSTEMPATH\Commands\Server\rewrite.php(46): require_once('FCPATH\\index.php')
CRITICAL - 2023-11-13 11:14:06 --> Class "App\DTO\Response\User\NewsListResponseDTO" not found
in APPPATH\Libraries\CodeIgniterExtension\Database\SQLite3\CustomResult.php on line 38.
 1 SYSTEMPATH\Database\BaseResult.php(149): App\Libraries\CodeigniterExtension\Database\SQLite3\CustomResult->fetchObject('App\\DTO\\Response\\User\\NewsListResponseDTO')
 2 APPPATH\Repositories\BaseRepository.php(120): CodeIgniter\Database\BaseResult->getCustomResultObject('App\\DTO\\Response\\User\\NewsListResponseDTO')
 3 APPPATH\Repositories\NewsRepository.php(42): App\Repositories\BaseRepository->getResultAs(Object(App\Libraries\CodeigniterExtension\Database\SQLite3\CustomResult), 3, 'App\\DTO\\Response\\User\\NewsListResponseDTO')
 4 APPPATH\Controllers\HomeController.php(24): App\Repositories\NewsRepository->GetLast3News(3, 'App\\DTO\\Response\\User\\NewsListResponseDTO')
 5 SYSTEMPATH\CodeIgniter.php(927): App\Controllers\HomeController->index()
 6 SYSTEMPATH\CodeIgniter.php(482): CodeIgniter\CodeIgniter->runController(Object(App\Controllers\HomeController))
 7 SYSTEMPATH\CodeIgniter.php(351): CodeIgniter\CodeIgniter->handleRequest(null, Object(Config\Cache), false)
 8 FCPATH\index.php(75): CodeIgniter\CodeIgniter->run()
 9 SYSTEMPATH\Commands\Server\rewrite.php(46): require_once('FCPATH\\index.php')
CRITICAL - 2023-11-13 11:14:31 --> Undefined property: App\DTO\Response\News\NewsListResponseDTO::$category_id
in APPPATH\Repositories\NewsRepository.php on line 46.
 1 APPPATH\Repositories\NewsRepository.php(46): CodeIgniter\Debug\Exceptions->errorHandler(2, 'Undefined property: App\\DTO\\Response\\News\\NewsListResponseDTO::$category_id', 'APPPATH\\Repositories\\NewsRepository.php', 46)
 2 APPPATH\Controllers\HomeController.php(24): App\Repositories\NewsRepository->GetLast3News(3, 'App\\DTO\\Response\\News\\NewsListResponseDTO')
 3 SYSTEMPATH\CodeIgniter.php(927): App\Controllers\HomeController->index()
 4 SYSTEMPATH\CodeIgniter.php(482): CodeIgniter\CodeIgniter->runController(Object(App\Controllers\HomeController))
 5 SYSTEMPATH\CodeIgniter.php(351): CodeIgniter\CodeIgniter->handleRequest(null, Object(Config\Cache), false)
 6 FCPATH\index.php(75): CodeIgniter\CodeIgniter->run()
 7 SYSTEMPATH\Commands\Server\rewrite.php(46): require_once('FCPATH\\index.php')
CRITICAL - 2023-11-13 11:20:00 --> Undefined property: stdClass::$author_id
in APPPATH\Repositories\NewsRepository.php on line 49.
 1 APPPATH\Repositories\NewsRepository.php(49): CodeIgniter\Debug\Exceptions->errorHandler(2, 'Undefined property: stdClass::$author_id', 'APPPATH\\Repositories\\NewsRepository.php', 49)
 2 APPPATH\Controllers\HomeController.php(24): App\Repositories\NewsRepository->GetLast3News(1, 'App\\DTO\\Response\\News\\NewsListResponseDTO')
 3 SYSTEMPATH\CodeIgniter.php(927): App\Controllers\HomeController->index()
 4 SYSTEMPATH\CodeIgniter.php(482): CodeIgniter\CodeIgniter->runController(Object(App\Controllers\HomeController))
 5 SYSTEMPATH\CodeIgniter.php(351): CodeIgniter\CodeIgniter->handleRequest(null, Object(Config\Cache), false)
 6 FCPATH\index.php(75): CodeIgniter\CodeIgniter->run()
 7 SYSTEMPATH\Commands\Server\rewrite.php(46): require_once('FCPATH\\index.php')
CRITICAL - 2023-11-13 11:22:39 --> Object of class stdClass could not be converted to string
in APPPATH\Views\welcome_message.php on line 33.
 1 SYSTEMPATH\View\View.php(213): include()
 2 SYSTEMPATH\View\View.php(216): CodeIgniter\View\View->CodeIgniter\View\{closure}()
 3 SYSTEMPATH\Common.php(1134): CodeIgniter\View\View->render('welcome_message', [], true)
 4 APPPATH\Controllers\HomeController.php(26): view('welcome_message', [...])
 5 SYSTEMPATH\CodeIgniter.php(927): App\Controllers\HomeController->index()
 6 SYSTEMPATH\CodeIgniter.php(482): CodeIgniter\CodeIgniter->runController(Object(App\Controllers\HomeController))
 7 SYSTEMPATH\CodeIgniter.php(351): CodeIgniter\CodeIgniter->handleRequest(null, Object(Config\Cache), false)
 8 FCPATH\index.php(75): CodeIgniter\CodeIgniter->run()
 9 SYSTEMPATH\Commands\Server\rewrite.php(46): require_once('FCPATH\\index.php')
CRITICAL - 2023-11-13 11:24:31 --> Object of class stdClass could not be converted to string
in APPPATH\Views\welcome_message.php on line 33.
 1 SYSTEMPATH\View\View.php(213): include()
 2 SYSTEMPATH\View\View.php(216): CodeIgniter\View\View->CodeIgniter\View\{closure}()
 3 SYSTEMPATH\Common.php(1134): CodeIgniter\View\View->render('welcome_message', [], true)
 4 APPPATH\Controllers\HomeController.php(26): view('welcome_message', [...])
 5 SYSTEMPATH\CodeIgniter.php(927): App\Controllers\HomeController->index()
 6 SYSTEMPATH\CodeIgniter.php(482): CodeIgniter\CodeIgniter->runController(Object(App\Controllers\HomeController))
 7 SYSTEMPATH\CodeIgniter.php(351): CodeIgniter\CodeIgniter->handleRequest(null, Object(Config\Cache), false)
 8 FCPATH\index.php(75): CodeIgniter\CodeIgniter->run()
 9 SYSTEMPATH\Commands\Server\rewrite.php(46): require_once('FCPATH\\index.php')
ERROR - 2023-11-13 11:37:32 --> ErrorException: SQLite3::query(): Unable to prepare statement: 1, no such table: use_type in C:\Compilation\Autres\USGG\vendor\codeigniter4\framework\system\Database\SQLite3\Connection.php:131
Stack trace:
#0 [internal function]: CodeIgniter\Debug\Exceptions->errorHandler(2, 'SQLite3::query(...', 'C:\\Compilation\\...', 131)
#1 C:\Compilation\Autres\USGG\vendor\codeigniter4\framework\system\Database\SQLite3\Connection.php(131): SQLite3->query('SELECT *\nFROM `...')
#2 C:\Compilation\Autres\USGG\vendor\codeigniter4\framework\system\Database\BaseConnection.php(666): CodeIgniter\Database\SQLite3\Connection->execute('SELECT *\nFROM `...')
#3 C:\Compilation\Autres\USGG\vendor\codeigniter4\framework\system\Database\BaseConnection.php(593): CodeIgniter\Database\BaseConnection->simpleQuery('SELECT *\nFROM `...')
#4 C:\Compilation\Autres\USGG\vendor\codeigniter4\framework\system\Database\BaseBuilder.php(1585): CodeIgniter\Database\BaseConnection->query('SELECT *\nFROM `...', Array, false)
#5 C:\Compilation\Autres\USGG\app\Repositories\UserTypeRepository.php(54): CodeIgniter\Database\BaseBuilder->get()
#6 C:\Compilation\Autres\USGG\app\Repositories\NewsRepository.php(52): App\Repositories\UserTypeRepository->getById(1)
#7 C:\Compilation\Autres\USGG\app\Controllers\HomeController.php(24): App\Repositories\NewsRepository->GetLast3News(1, 'App\\DTO\\Respons...')
#8 C:\Compilation\Autres\USGG\vendor\codeigniter4\framework\system\CodeIgniter.php(927): App\Controllers\HomeController->index()
#9 C:\Compilation\Autres\USGG\vendor\codeigniter4\framework\system\CodeIgniter.php(482): CodeIgniter\CodeIgniter->runController(Object(App\Controllers\HomeController))
#10 C:\Compilation\Autres\USGG\vendor\codeigniter4\framework\system\CodeIgniter.php(351): CodeIgniter\CodeIgniter->handleRequest(NULL, Object(Config\Cache), false)
#11 C:\Compilation\Autres\USGG\public\index.php(75): CodeIgniter\CodeIgniter->run()
#12 C:\Compilation\Autres\USGG\vendor\codeigniter4\framework\system\Commands\Server\rewrite.php(46): require_once('C:\\Compilation\\...')
#13 {main}
CRITICAL - 2023-11-13 11:37:32 --> SQLite3::query(): Unable to prepare statement: 1, no such table: use_type
in SYSTEMPATH\Database\SQLite3\Connection.php on line 131.
 1 [internal function]: CodeIgniter\Debug\Exceptions->errorHandler(2, 'SQLite3::query(): Unable to prepare statement: 1, no such table: use_type', 'SYSTEMPATH\\Database\\SQLite3\\Connection.php', 131)
 2 SYSTEMPATH\Database\SQLite3\Connection.php(131): SQLite3->query('SELECT *
FROM `use_type`
WHERE `id` = 1')
 3 SYSTEMPATH\Database\BaseConnection.php(666): CodeIgniter\Database\SQLite3\Connection->execute('SELECT *
FROM `use_type`
WHERE `id` = 1')
 4 SYSTEMPATH\Database\BaseConnection.php(593): CodeIgniter\Database\BaseConnection->simpleQuery('SELECT *
FROM `use_type`
WHERE `id` = 1')
 5 SYSTEMPATH\Database\BaseBuilder.php(1585): CodeIgniter\Database\BaseConnection->query('SELECT *
FROM `use_type`
WHERE `id` = :id:', [...], false)
 6 APPPATH\Repositories\UserTypeRepository.php(54): CodeIgniter\Database\BaseBuilder->get()
 7 APPPATH\Repositories\NewsRepository.php(52): App\Repositories\UserTypeRepository->getById(1)
 8 APPPATH\Controllers\HomeController.php(24): App\Repositories\NewsRepository->GetLast3News(1, 'App\\DTO\\Response\\News\\NewsListResponseDTO')
 9 SYSTEMPATH\CodeIgniter.php(927): App\Controllers\HomeController->index()
10 SYSTEMPATH\CodeIgniter.php(482): CodeIgniter\CodeIgniter->runController(Object(App\Controllers\HomeController))
11 SYSTEMPATH\CodeIgniter.php(351): CodeIgniter\CodeIgniter->handleRequest(null, Object(Config\Cache), false)
12 FCPATH\index.php(75): CodeIgniter\CodeIgniter->run()
13 SYSTEMPATH\Commands\Server\rewrite.php(46): require_once('FCPATH\\index.php')
CRITICAL - 2023-11-13 11:37:48 --> Undefined variable $firstname
in APPPATH\Views\welcome_message.php on line 50.
 1 APPPATH\Views\welcome_message.php(50): CodeIgniter\Debug\Exceptions->errorHandler(2, 'Undefined variable $firstname', 'APPPATH\\Views\\welcome_message.php', 50)
 2 SYSTEMPATH\View\View.php(213): include('APPPATH\\Views\\welcome_message.php')
 3 SYSTEMPATH\View\View.php(216): CodeIgniter\View\View->CodeIgniter\View\{closure}()
 4 SYSTEMPATH\Common.php(1134): CodeIgniter\View\View->render('welcome_message', [], true)
 5 APPPATH\Controllers\HomeController.php(26): view('welcome_message', [...])
 6 SYSTEMPATH\CodeIgniter.php(927): App\Controllers\HomeController->index()
 7 SYSTEMPATH\CodeIgniter.php(482): CodeIgniter\CodeIgniter->runController(Object(App\Controllers\HomeController))
 8 SYSTEMPATH\CodeIgniter.php(351): CodeIgniter\CodeIgniter->handleRequest(null, Object(Config\Cache), false)
 9 FCPATH\index.php(75): CodeIgniter\CodeIgniter->run()
10 SYSTEMPATH\Commands\Server\rewrite.php(46): require_once('FCPATH\\index.php')
CRITICAL - 2023-11-13 12:40:29 --> Creation of dynamic property App\DTO\Response\User\UserListResponseDTO::$password is deprecated
in APPPATH\Libraries\CodeIgniterExtension\Database\SQLite3\CustomResult.php on line 57.
 1 APPPATH\Libraries\CodeIgniterExtension\Database\SQLite3\CustomResult.php(57): CodeIgniter\Debug\Exceptions->errorHandler(8192, 'Creation of dynamic property App\\DTO\\Response\\User\\UserListResponseDTO::$password is deprecated', 'APPPATH\\Libraries\\CodeIgniterExtension\\Database\\SQLite3\\CustomResult.php', 57)
 2 APPPATH\Libraries\CodeIgniterExtension\Database\SQLite3\CustomResult.php(61): App\DTO\Response\User\UserListResponseDTO->App\Libraries\CodeigniterExtension\Database\SQLite3\{closure}('password', '$2y$10$lOe4Q1c9.sxcC8sQzgGzj.UyK.pVN.cBrMYi6duC/Q8WMrrSksgMG', Object(App\DTO\Response\User\UserListResponseDTO))
 3 SYSTEMPATH\Database\BaseResult.php(149): App\Libraries\CodeigniterExtension\Database\SQLite3\CustomResult->fetchObject('App\\DTO\\Response\\User\\UserListResponseDTO')
 4 APPPATH\Repositories\BaseRepository.php(120): CodeIgniter\Database\BaseResult->getCustomResultObject('App\\DTO\\Response\\User\\UserListResponseDTO')
 5 APPPATH\Repositories\UserRepository.php(59): App\Repositories\BaseRepository->getResultAs(Object(App\Libraries\CodeigniterExtension\Database\SQLite3\CustomResult), 3, 'App\\DTO\\Response\\User\\UserListResponseDTO')
 6 APPPATH\Controllers\HomeController.php(23): App\Repositories\UserRepository->GetAllMainLeaders(3, 'App\\DTO\\Response\\User\\UserListResponseDTO')
 7 SYSTEMPATH\CodeIgniter.php(927): App\Controllers\HomeController->index()
 8 SYSTEMPATH\CodeIgniter.php(482): CodeIgniter\CodeIgniter->runController(Object(App\Controllers\HomeController))
 9 SYSTEMPATH\CodeIgniter.php(351): CodeIgniter\CodeIgniter->handleRequest(null, Object(Config\Cache), false)
10 FCPATH\index.php(75): CodeIgniter\CodeIgniter->run()
11 SYSTEMPATH\Commands\Server\rewrite.php(46): require_once('FCPATH\\index.php')
CRITICAL - 2023-11-13 12:41:17 --> Undefined property: App\DTO\Response\News\NewsListResponseDTO::$category_id
in APPPATH\Repositories\NewsRepository.php on line 50.
 1 APPPATH\Repositories\NewsRepository.php(50): CodeIgniter\Debug\Exceptions->errorHandler(2, 'Undefined property: App\\DTO\\Response\\News\\NewsListResponseDTO::$category_id', 'APPPATH\\Repositories\\NewsRepository.php', 50)
 2 APPPATH\Controllers\HomeController.php(24): App\Repositories\NewsRepository->GetLast3News(3, 'App\\DTO\\Response\\News\\NewsListResponseDTO')
 3 SYSTEMPATH\CodeIgniter.php(927): App\Controllers\HomeController->index()
 4 SYSTEMPATH\CodeIgniter.php(482): CodeIgniter\CodeIgniter->runController(Object(App\Controllers\HomeController))
 5 SYSTEMPATH\CodeIgniter.php(351): CodeIgniter\CodeIgniter->handleRequest(null, Object(Config\Cache), false)
 6 FCPATH\index.php(75): CodeIgniter\CodeIgniter->run()
 7 SYSTEMPATH\Commands\Server\rewrite.php(46): require_once('FCPATH\\index.php')
CRITICAL - 2023-11-13 12:43:18 --> Undefined property: App\DTO\Response\News\NewsListResponseDTO::$category_id
in APPPATH\Repositories\NewsRepository.php on line 50.
 1 APPPATH\Repositories\NewsRepository.php(50): CodeIgniter\Debug\Exceptions->errorHandler(2, 'Undefined property: App\\DTO\\Response\\News\\NewsListResponseDTO::$category_id', 'APPPATH\\Repositories\\NewsRepository.php', 50)
 2 APPPATH\Controllers\HomeController.php(24): App\Repositories\NewsRepository->GetLast3News(3, 'App\\DTO\\Response\\News\\NewsListResponseDTO')
 3 SYSTEMPATH\CodeIgniter.php(927): App\Controllers\HomeController->index()
 4 SYSTEMPATH\CodeIgniter.php(482): CodeIgniter\CodeIgniter->runController(Object(App\Controllers\HomeController))
 5 SYSTEMPATH\CodeIgniter.php(351): CodeIgniter\CodeIgniter->handleRequest(null, Object(Config\Cache), false)
 6 FCPATH\index.php(75): CodeIgniter\CodeIgniter->run()
 7 SYSTEMPATH\Commands\Server\rewrite.php(46): require_once('FCPATH\\index.php')
CRITICAL - 2023-11-13 12:46:20 --> Undefined property: App\DTO\Response\News\NewsListResponseDTO::$category_id
in APPPATH\Repositories\NewsRepository.php on line 50.
 1 APPPATH\Repositories\NewsRepository.php(50): CodeIgniter\Debug\Exceptions->errorHandler(2, 'Undefined property: App\\DTO\\Response\\News\\NewsListResponseDTO::$category_id', 'APPPATH\\Repositories\\NewsRepository.php', 50)
 2 APPPATH\Controllers\HomeController.php(24): App\Repositories\NewsRepository->GetLast3News(3, 'App\\DTO\\Response\\News\\NewsListResponseDTO')
 3 SYSTEMPATH\CodeIgniter.php(927): App\Controllers\HomeController->index()
 4 SYSTEMPATH\CodeIgniter.php(482): CodeIgniter\CodeIgniter->runController(Object(App\Controllers\HomeController))
 5 SYSTEMPATH\CodeIgniter.php(351): CodeIgniter\CodeIgniter->handleRequest(null, Object(Config\Cache), false)
 6 FCPATH\index.php(75): CodeIgniter\CodeIgniter->run()
 7 SYSTEMPATH\Commands\Server\rewrite.php(46): require_once('FCPATH\\index.php')
CRITICAL - 2023-11-13 12:52:26 --> Undefined property: App\DTO\Response\News\NewsListResponseDTO::$category_id
in APPPATH\Repositories\NewsRepository.php on line 54.
 1 APPPATH\Repositories\NewsRepository.php(54): CodeIgniter\Debug\Exceptions->errorHandler(2, 'Undefined property: App\\DTO\\Response\\News\\NewsListResponseDTO::$category_id', 'APPPATH\\Repositories\\NewsRepository.php', 54)
 2 APPPATH\Controllers\HomeController.php(24): App\Repositories\NewsRepository->GetLast3News(3, 'App\\DTO\\Response\\News\\NewsListResponseDTO')
 3 SYSTEMPATH\CodeIgniter.php(927): App\Controllers\HomeController->index()
 4 SYSTEMPATH\CodeIgniter.php(482): CodeIgniter\CodeIgniter->runController(Object(App\Controllers\HomeController))
 5 SYSTEMPATH\CodeIgniter.php(351): CodeIgniter\CodeIgniter->handleRequest(null, Object(Config\Cache), false)
 6 FCPATH\index.php(75): CodeIgniter\CodeIgniter->run()
 7 SYSTEMPATH\Commands\Server\rewrite.php(46): require_once('FCPATH\\index.php')
CRITICAL - 2023-11-13 12:53:56 --> Undefined property: App\DTO\Response\News\NewsListResponseDTO::$category_id
in APPPATH\Repositories\NewsRepository.php on line 54.
 1 APPPATH\Repositories\NewsRepository.php(54): CodeIgniter\Debug\Exceptions->errorHandler(2, 'Undefined property: App\\DTO\\Response\\News\\NewsListResponseDTO::$category_id', 'APPPATH\\Repositories\\NewsRepository.php', 54)
 2 APPPATH\Controllers\HomeController.php(24): App\Repositories\NewsRepository->GetLast3News(3, 'App\\DTO\\Response\\News\\NewsListResponseDTO')
 3 SYSTEMPATH\CodeIgniter.php(927): App\Controllers\HomeController->index()
 4 SYSTEMPATH\CodeIgniter.php(482): CodeIgniter\CodeIgniter->runController(Object(App\Controllers\HomeController))
 5 SYSTEMPATH\CodeIgniter.php(351): CodeIgniter\CodeIgniter->handleRequest(null, Object(Config\Cache), false)
 6 FCPATH\index.php(75): CodeIgniter\CodeIgniter->run()
 7 SYSTEMPATH\Commands\Server\rewrite.php(46): require_once('FCPATH\\index.php')
CRITICAL - 2023-11-13 12:54:46 --> Object of class DateTime could not be converted to string
in APPPATH\Views\welcome_message.php on line 32.
 1 SYSTEMPATH\View\View.php(213): include()
 2 SYSTEMPATH\View\View.php(216): CodeIgniter\View\View->CodeIgniter\View\{closure}()
 3 SYSTEMPATH\Common.php(1134): CodeIgniter\View\View->render('welcome_message', [], true)
 4 APPPATH\Controllers\HomeController.php(26): view('welcome_message', [...])
 5 SYSTEMPATH\CodeIgniter.php(927): App\Controllers\HomeController->index()
 6 SYSTEMPATH\CodeIgniter.php(482): CodeIgniter\CodeIgniter->runController(Object(App\Controllers\HomeController))
 7 SYSTEMPATH\CodeIgniter.php(351): CodeIgniter\CodeIgniter->handleRequest(null, Object(Config\Cache), false)
 8 FCPATH\index.php(75): CodeIgniter\CodeIgniter->run()
 9 SYSTEMPATH\Commands\Server\rewrite.php(46): require_once('FCPATH\\index.php')
CRITICAL - 2023-11-13 13:21:56 --> Creation of dynamic property App\DTO\Response\User\UserListResponseDTO::$roles is deprecated
in APPPATH\Repositories\UserRepository.php on line 133.
 1 APPPATH\Repositories\UserRepository.php(133): CodeIgniter\Debug\Exceptions->errorHandler(8192, 'Creation of dynamic property App\\DTO\\Response\\User\\UserListResponseDTO::$roles is deprecated', 'APPPATH\\Repositories\\UserRepository.php', 133)
 2 APPPATH\Controllers\HomeController.php(23): App\Repositories\UserRepository->GetAllMainLeaders(3, 'App\\DTO\\Response\\User\\UserListResponseDTO')
 3 SYSTEMPATH\CodeIgniter.php(927): App\Controllers\HomeController->index()
 4 SYSTEMPATH\CodeIgniter.php(482): CodeIgniter\CodeIgniter->runController(Object(App\Controllers\HomeController))
 5 SYSTEMPATH\CodeIgniter.php(351): CodeIgniter\CodeIgniter->handleRequest(null, Object(Config\Cache), false)
 6 FCPATH\index.php(75): CodeIgniter\CodeIgniter->run()
 7 SYSTEMPATH\Commands\Server\rewrite.php(46): require_once('FCPATH\\index.php')
CRITICAL - 2023-11-13 13:22:54 --> Object of class DateTime could not be converted to string
in APPPATH\Views\welcome_message.php on line 32.
 1 SYSTEMPATH\View\View.php(213): include()
 2 SYSTEMPATH\View\View.php(216): CodeIgniter\View\View->CodeIgniter\View\{closure}()
 3 SYSTEMPATH\Common.php(1134): CodeIgniter\View\View->render('welcome_message', [], true)
 4 APPPATH\Controllers\HomeController.php(26): view('welcome_message', [...])
 5 SYSTEMPATH\CodeIgniter.php(927): App\Controllers\HomeController->index()
 6 SYSTEMPATH\CodeIgniter.php(482): CodeIgniter\CodeIgniter->runController(Object(App\Controllers\HomeController))
 7 SYSTEMPATH\CodeIgniter.php(351): CodeIgniter\CodeIgniter->handleRequest(null, Object(Config\Cache), false)
 8 FCPATH\index.php(75): CodeIgniter\CodeIgniter->run()
 9 SYSTEMPATH\Commands\Server\rewrite.php(46): require_once('FCPATH\\index.php')
CRITICAL - 2023-11-13 13:24:23 --> Object of class DateTime could not be converted to string
in APPPATH\Views\welcome_message.php on line 32.
 1 SYSTEMPATH\View\View.php(213): include()
 2 SYSTEMPATH\View\View.php(216): CodeIgniter\View\View->CodeIgniter\View\{closure}()
 3 SYSTEMPATH\Common.php(1134): CodeIgniter\View\View->render('welcome_message', [], true)
 4 APPPATH\Controllers\HomeController.php(26): view('welcome_message', [...])
 5 SYSTEMPATH\CodeIgniter.php(927): App\Controllers\HomeController->index()
 6 SYSTEMPATH\CodeIgniter.php(482): CodeIgniter\CodeIgniter->runController(Object(App\Controllers\HomeController))
 7 SYSTEMPATH\CodeIgniter.php(351): CodeIgniter\CodeIgniter->handleRequest(null, Object(Config\Cache), false)
 8 FCPATH\index.php(75): CodeIgniter\CodeIgniter->run()
 9 SYSTEMPATH\Commands\Server\rewrite.php(46): require_once('FCPATH\\index.php')
CRITICAL - 2023-11-13 13:25:10 --> Object of class DateTime could not be converted to string
in APPPATH\Views\welcome_message.php on line 32.
 1 SYSTEMPATH\View\View.php(213): include()
 2 SYSTEMPATH\View\View.php(216): CodeIgniter\View\View->CodeIgniter\View\{closure}()
 3 SYSTEMPATH\Common.php(1134): CodeIgniter\View\View->render('welcome_message', [], true)
 4 APPPATH\Controllers\HomeController.php(26): view('welcome_message', [...])
 5 SYSTEMPATH\CodeIgniter.php(927): App\Controllers\HomeController->index()
 6 SYSTEMPATH\CodeIgniter.php(482): CodeIgniter\CodeIgniter->runController(Object(App\Controllers\HomeController))
 7 SYSTEMPATH\CodeIgniter.php(351): CodeIgniter\CodeIgniter->handleRequest(null, Object(Config\Cache), false)
 8 FCPATH\index.php(75): CodeIgniter\CodeIgniter->run()
 9 SYSTEMPATH\Commands\Server\rewrite.php(46): require_once('FCPATH\\index.php')
CRITICAL - 2023-11-13 13:26:13 --> Undefined property: DateTime::$date
in APPPATH\Views\welcome_message.php on line 32.
 1 APPPATH\Views\welcome_message.php(32): CodeIgniter\Debug\Exceptions->errorHandler(2, 'Undefined property: DateTime::$date', 'APPPATH\\Views\\welcome_message.php', 32)
 2 SYSTEMPATH\View\View.php(213): include('APPPATH\\Views\\welcome_message.php')
 3 SYSTEMPATH\View\View.php(216): CodeIgniter\View\View->CodeIgniter\View\{closure}()
 4 SYSTEMPATH\Common.php(1134): CodeIgniter\View\View->render('welcome_message', [], true)
 5 APPPATH\Controllers\HomeController.php(26): view('welcome_message', [...])
 6 SYSTEMPATH\CodeIgniter.php(927): App\Controllers\HomeController->index()
 7 SYSTEMPATH\CodeIgniter.php(482): CodeIgniter\CodeIgniter->runController(Object(App\Controllers\HomeController))
 8 SYSTEMPATH\CodeIgniter.php(351): CodeIgniter\CodeIgniter->handleRequest(null, Object(Config\Cache), false)
 9 FCPATH\index.php(75): CodeIgniter\CodeIgniter->run()
10 SYSTEMPATH\Commands\Server\rewrite.php(46): require_once('FCPATH\\index.php')
CRITICAL - 2023-11-13 13:26:26 --> Undefined property: DateTime::$date
in APPPATH\Views\welcome_message.php on line 32.
 1 APPPATH\Views\welcome_message.php(32): CodeIgniter\Debug\Exceptions->errorHandler(2, 'Undefined property: DateTime::$date', 'APPPATH\\Views\\welcome_message.php', 32)
 2 SYSTEMPATH\View\View.php(213): include('APPPATH\\Views\\welcome_message.php')
 3 SYSTEMPATH\View\View.php(216): CodeIgniter\View\View->CodeIgniter\View\{closure}()
 4 SYSTEMPATH\Common.php(1134): CodeIgniter\View\View->render('welcome_message', [], true)
 5 APPPATH\Controllers\HomeController.php(26): view('welcome_message', [...])
 6 SYSTEMPATH\CodeIgniter.php(927): App\Controllers\HomeController->index()
 7 SYSTEMPATH\CodeIgniter.php(482): CodeIgniter\CodeIgniter->runController(Object(App\Controllers\HomeController))
 8 SYSTEMPATH\CodeIgniter.php(351): CodeIgniter\CodeIgniter->handleRequest(null, Object(Config\Cache), false)
 9 FCPATH\index.php(75): CodeIgniter\CodeIgniter->run()
10 SYSTEMPATH\Commands\Server\rewrite.php(46): require_once('FCPATH\\index.php')
CRITICAL - 2023-11-13 13:27:36 --> Object of class DateTime could not be converted to string
in APPPATH\Views\welcome_message.php on line 32.
 1 SYSTEMPATH\View\View.php(213): include()
 2 SYSTEMPATH\View\View.php(216): CodeIgniter\View\View->CodeIgniter\View\{closure}()
 3 SYSTEMPATH\Common.php(1134): CodeIgniter\View\View->render('welcome_message', [], true)
 4 APPPATH\Controllers\HomeController.php(26): view('welcome_message', [...])
 5 SYSTEMPATH\CodeIgniter.php(927): App\Controllers\HomeController->index()
 6 SYSTEMPATH\CodeIgniter.php(482): CodeIgniter\CodeIgniter->runController(Object(App\Controllers\HomeController))
 7 SYSTEMPATH\CodeIgniter.php(351): CodeIgniter\CodeIgniter->handleRequest(null, Object(Config\Cache), false)
 8 FCPATH\index.php(75): CodeIgniter\CodeIgniter->run()
 9 SYSTEMPATH\Commands\Server\rewrite.php(46): require_once('FCPATH\\index.php')
CRITICAL - 2023-11-13 13:28:09 --> Cannot assign string to property App\DTO\Response\User\UserListResponseDTO::$birthdate of type DateTime
in APPPATH\Libraries\CodeIgniterExtension\Database\SQLite3\CustomResult.php on line 51.
 1 APPPATH\Libraries\CodeIgniterExtension\Database\SQLite3\CustomResult.php(56): App\DTO\Response\User\UserListResponseDTO->App\Libraries\CodeigniterExtension\Database\SQLite3\{closure}('birthdate', '1950-01-29 21:14:12', Object(App\DTO\Response\User\UserListResponseDTO))
 2 SYSTEMPATH\Database\BaseResult.php(149): App\Libraries\CodeigniterExtension\Database\SQLite3\CustomResult->fetchObject('App\\DTO\\Response\\User\\UserListResponseDTO')
 3 APPPATH\Repositories\BaseRepository.php(120): CodeIgniter\Database\BaseResult->getCustomResultObject('App\\DTO\\Response\\User\\UserListResponseDTO')
 4 APPPATH\Repositories\UserRepository.php(131): App\Repositories\BaseRepository->getResultAs(Object(App\Libraries\CodeigniterExtension\Database\SQLite3\CustomResult), 3, 'App\\DTO\\Response\\User\\UserListResponseDTO')
 5 APPPATH\Controllers\HomeController.php(23): App\Repositories\UserRepository->GetAllMainLeaders(3, 'App\\DTO\\Response\\User\\UserListResponseDTO')
 6 SYSTEMPATH\CodeIgniter.php(927): App\Controllers\HomeController->index()
 7 SYSTEMPATH\CodeIgniter.php(482): CodeIgniter\CodeIgniter->runController(Object(App\Controllers\HomeController))
 8 SYSTEMPATH\CodeIgniter.php(351): CodeIgniter\CodeIgniter->handleRequest(null, Object(Config\Cache), false)
 9 FCPATH\index.php(75): CodeIgniter\CodeIgniter->run()
10 SYSTEMPATH\Commands\Server\rewrite.php(46): require_once('FCPATH\\index.php')
CRITICAL - 2023-11-13 13:28:27 --> Object of class DateTime could not be converted to string
in APPPATH\Views\welcome_message.php on line 32.
 1 SYSTEMPATH\View\View.php(213): include()
 2 SYSTEMPATH\View\View.php(216): CodeIgniter\View\View->CodeIgniter\View\{closure}()
 3 SYSTEMPATH\Common.php(1134): CodeIgniter\View\View->render('welcome_message', [], true)
 4 APPPATH\Controllers\HomeController.php(26): view('welcome_message', [...])
 5 SYSTEMPATH\CodeIgniter.php(927): App\Controllers\HomeController->index()
 6 SYSTEMPATH\CodeIgniter.php(482): CodeIgniter\CodeIgniter->runController(Object(App\Controllers\HomeController))
 7 SYSTEMPATH\CodeIgniter.php(351): CodeIgniter\CodeIgniter->handleRequest(null, Object(Config\Cache), false)
 8 FCPATH\index.php(75): CodeIgniter\CodeIgniter->run()
 9 SYSTEMPATH\Commands\Server\rewrite.php(46): require_once('FCPATH\\index.php')
CRITICAL - 2023-11-13 13:30:05 --> Object of class DateTime could not be converted to string
in APPPATH\Views\welcome_message.php on line 32.
 1 SYSTEMPATH\View\View.php(213): include()
 2 SYSTEMPATH\View\View.php(216): CodeIgniter\View\View->CodeIgniter\View\{closure}()
 3 SYSTEMPATH\Common.php(1134): CodeIgniter\View\View->render('welcome_message', [], true)
 4 APPPATH\Controllers\HomeController.php(26): view('welcome_message', [...])
 5 SYSTEMPATH\CodeIgniter.php(927): App\Controllers\HomeController->index()
 6 SYSTEMPATH\CodeIgniter.php(482): CodeIgniter\CodeIgniter->runController(Object(App\Controllers\HomeController))
 7 SYSTEMPATH\CodeIgniter.php(351): CodeIgniter\CodeIgniter->handleRequest(null, Object(Config\Cache), false)
 8 FCPATH\index.php(75): CodeIgniter\CodeIgniter->run()
 9 SYSTEMPATH\Commands\Server\rewrite.php(46): require_once('FCPATH\\index.php')
