CRITICAL - 2023-11-14 01:59:42 --> Invalid file: login.php
in SYSTEMPATH\Exceptions\FrameworkException.php on line 33.
 1 SYSTEMPATH\View\View.php(201): CodeIgniter\Exceptions\FrameworkException::forInvalidFile('login.php')
 2 SYSTEMPATH\Common.php(1134): CodeIgniter\View\View->render('login', [], true)
 3 APPPATH\Controllers\AuthController.php(30): view('login')
 4 SYSTEMPATH\CodeIgniter.php(927): App\Controllers\AuthController->login()
 5 SYSTEMPATH\CodeIgniter.php(482): CodeIgniter\CodeIgniter->runController(Object(App\Controllers\AuthController))
 6 SYSTEMPATH\CodeIgniter.php(351): CodeIgniter\CodeIgniter->handleRequest(null, Object(Config\Cache), false)
 7 FCPATH\index.php(75): CodeIgniter\CodeIgniter->run()
 8 SYSTEMPATH\Commands\Server\rewrite.php(46): require_once('FCPATH\\index.php')
CRITICAL - 2023-11-14 11:06:12 --> Attempt to read property "name" on null
in APPPATH\Repositories\UserRepository.php on line 133.
 1 APPPATH\Repositories\UserRepository.php(133): CodeIgniter\Debug\Exceptions->errorHandler(2, 'Attempt to read property "name" on null', 'APPPATH\\Repositories\\UserRepository.php', 133)
 2 APPPATH\Controllers\HomeController.php(36): App\Repositories\UserRepository->GetAllMainLeaders(3, 'App\\DTO\\Response\\User\\UserListResponseDTO')
 3 SYSTEMPATH\CodeIgniter.php(927): App\Controllers\HomeController->index()
 4 SYSTEMPATH\CodeIgniter.php(482): CodeIgniter\CodeIgniter->runController(Object(App\Controllers\HomeController))
 5 SYSTEMPATH\CodeIgniter.php(351): CodeIgniter\CodeIgniter->handleRequest(null, Object(Config\Cache), false)
 6 FCPATH\index.php(75): CodeIgniter\CodeIgniter->run()
 7 SYSTEMPATH\Commands\Server\rewrite.php(46): require_once('FCPATH\\index.php')
CRITICAL - 2023-11-14 11:06:28 --> Attempt to read property "name" on null
in APPPATH\Repositories\UserRepository.php on line 133.
 1 APPPATH\Repositories\UserRepository.php(133): CodeIgniter\Debug\Exceptions->errorHandler(2, 'Attempt to read property "name" on null', 'APPPATH\\Repositories\\UserRepository.php', 133)
 2 APPPATH\Controllers\HomeController.php(36): App\Repositories\UserRepository->GetAllMainLeaders(3, 'App\\DTO\\Response\\User\\UserListResponseDTO')
 3 SYSTEMPATH\CodeIgniter.php(927): App\Controllers\HomeController->index()
 4 SYSTEMPATH\CodeIgniter.php(482): CodeIgniter\CodeIgniter->runController(Object(App\Controllers\HomeController))
 5 SYSTEMPATH\CodeIgniter.php(351): CodeIgniter\CodeIgniter->handleRequest(null, Object(Config\Cache), false)
 6 FCPATH\index.php(75): CodeIgniter\CodeIgniter->run()
 7 SYSTEMPATH\Commands\Server\rewrite.php(46): require_once('FCPATH\\index.php')
CRITICAL - 2023-11-14 11:06:54 --> Attempt to read property "name" on null
in APPPATH\Repositories\UserRepository.php on line 133.
 1 APPPATH\Repositories\UserRepository.php(133): CodeIgniter\Debug\Exceptions->errorHandler(2, 'Attempt to read property "name" on null', 'APPPATH\\Repositories\\UserRepository.php', 133)
 2 APPPATH\Controllers\HomeController.php(36): App\Repositories\UserRepository->GetAllMainLeaders(3, 'App\\DTO\\Response\\User\\UserListResponseDTO')
 3 SYSTEMPATH\CodeIgniter.php(927): App\Controllers\HomeController->index()
 4 SYSTEMPATH\CodeIgniter.php(482): CodeIgniter\CodeIgniter->runController(Object(App\Controllers\HomeController))
 5 SYSTEMPATH\CodeIgniter.php(351): CodeIgniter\CodeIgniter->handleRequest(null, Object(Config\Cache), false)
 6 FCPATH\index.php(75): CodeIgniter\CodeIgniter->run()
 7 SYSTEMPATH\Commands\Server\rewrite.php(46): require_once('FCPATH\\index.php')
ERROR - 2023-11-14 12:29:36 --> Error connecting to the database: CodeIgniter\Database\Exceptions\DatabaseException: SQLite3 error: Unable to open database: unable to open database file in /var/www/html/vendor/codeigniter4/framework/system/Database/SQLite3/Connection.php:77
Stack trace:
#0 /var/www/html/vendor/codeigniter4/framework/system/Database/BaseConnection.php(382): CodeIgniter\Database\SQLite3\Connection->connect(false)
#1 /var/www/html/vendor/codeigniter4/framework/system/Database/SQLite3/Connection.php(48): CodeIgniter\Database\BaseConnection->initialize()
#2 /var/www/html/vendor/codeigniter4/framework/system/Database/BaseConnection.php(561): CodeIgniter\Database\SQLite3\Connection->initialize()
#3 /var/www/html/vendor/codeigniter4/framework/system/Database/BaseBuilder.php(1585): CodeIgniter\Database\BaseConnection->query('SELECT *\nFROM `...', Array, false)
#4 /var/www/html/app/Repositories/UserRepository.php(130): CodeIgniter\Database\BaseBuilder->get()
#5 /var/www/html/app/Controllers/HomeController.php(36): App\Repositories\UserRepository->GetAllMainLeaders(3, 'App\\DTO\\Respons...')
#6 /var/www/html/vendor/codeigniter4/framework/system/CodeIgniter.php(927): App\Controllers\HomeController->index()
#7 /var/www/html/vendor/codeigniter4/framework/system/CodeIgniter.php(482): CodeIgniter\CodeIgniter->runController(Object(App\Controllers\HomeController))
#8 /var/www/html/vendor/codeigniter4/framework/system/CodeIgniter.php(351): CodeIgniter\CodeIgniter->handleRequest(NULL, Object(Config\Cache), false)
#9 /var/www/html/public/index.php(75): CodeIgniter\CodeIgniter->run()
#10 {main}
CRITICAL - 2023-11-14 12:29:36 --> Unable to connect to the database.
Main connection [SQLite3]: SQLite3 error: Unable to open database: unable to open database file
in SYSTEMPATH/Database/BaseConnection.php on line 418.
 1 SYSTEMPATH/Database/SQLite3/Connection.php(48): CodeIgniter\Database\BaseConnection->initialize()
 2 SYSTEMPATH/Database/BaseConnection.php(561): CodeIgniter\Database\SQLite3\Connection->initialize()
 3 SYSTEMPATH/Database/BaseBuilder.php(1585): CodeIgniter\Database\BaseConnection->query('SELECT *
FROM `user`
WHERE `user_type_id` IN :user_type_id:', [...], false)
 4 APPPATH/Repositories/UserRepository.php(130): CodeIgniter\Database\BaseBuilder->get()
 5 APPPATH/Controllers/HomeController.php(36): App\Repositories\UserRepository->GetAllMainLeaders(3, 'App\\DTO\\Response\\User\\UserListResponseDTO')
 6 SYSTEMPATH/CodeIgniter.php(927): App\Controllers\HomeController->index()
 7 SYSTEMPATH/CodeIgniter.php(482): CodeIgniter\CodeIgniter->runController(Object(App\Controllers\HomeController))
 8 SYSTEMPATH/CodeIgniter.php(351): CodeIgniter\CodeIgniter->handleRequest(null, Object(Config\Cache), false)
 9 FCPATH/index.php(75): CodeIgniter\CodeIgniter->run()
